/*C17*/SET SCHEMA PUBLIC
INSERT INTO LOJAS VALUES(2,'22','two','dune')
COMMIT
INSERT INTO LOJAS VALUES(3,'33','tree','te')
COMMIT
DELETE FROM LOJAS WHERE ID_LOJA=3
COMMIT
DELETE FROM LOJAS WHERE ID_LOJA=2
COMMIT
/*C26*/SET SCHEMA PUBLIC
DELETE FROM PRODUTOS WHERE ID=1
COMMIT
/*C28*/SET SCHEMA PUBLIC
INSERT INTO PRODUTOS VALUES(2,' ein','19:59:45','ishi',1.00,1)
COMMIT
INSERT INTO PRODUTOS VALUES(3,' zwein','21:00:00','ni',2.00,1)
COMMIT
DELETE FROM PRODUTOS WHERE ID=2
DELETE FROM PRODUTOS WHERE ID=3
COMMIT
/*C29*/SET SCHEMA PUBLIC
DELETE FROM LOJAS WHERE ID_LOJA=1
COMMIT
/*C16*/SET SCHEMA PUBLIC
DISCONNECT
/*C17*/DISCONNECT
/*C18*/SET SCHEMA PUBLIC
DISCONNECT
/*C19*/SET SCHEMA PUBLIC
DISCONNECT
/*C20*/SET SCHEMA PUBLIC
DISCONNECT
/*C21*/SET SCHEMA PUBLIC
DISCONNECT
/*C22*/SET SCHEMA PUBLIC
DISCONNECT
/*C23*/SET SCHEMA PUBLIC
DISCONNECT
/*C24*/SET SCHEMA PUBLIC
DISCONNECT
/*C25*/SET SCHEMA PUBLIC
DISCONNECT
/*C26*/DISCONNECT
/*C27*/SET SCHEMA PUBLIC
DISCONNECT
/*C29*/DISCONNECT
/*C28*/DISCONNECT
